# JRE version: Java(TM) SE Runtime Environment (8.0_101-b13) (build 1.8.0_101-b13)
# Java VM: Java HotSpot(TM) 64-Bit Server VM (25.101-b13 mixed mode windows-amd64 compressed oops)
Heap:
 PSYoungGen      total 232960K, used 58223K [0x00000000eab00000, 0x0000000100000000, 0x0000000100000000)
  eden space 116736K, 0% used [0x00000000eab00000,0x00000000eab00000,0x00000000f1d00000)
  from space 116224K, 50% used [0x00000000f1d00000,0x00000000f55dbdf8,0x00000000f8e80000)
  to   space 116224K, 0% used [0x00000000f8e80000,0x00000000f8e80000,0x0000000100000000)
 ParOldGen       total 298496K, used 271198K [0x00000000c0000000, 0x00000000d2380000, 0x00000000eab00000)
  object space 298496K, 90% used [0x00000000c0000000,0x00000000d08d7bb0,0x00000000d2380000)
 Metaspace       used 6658K, capacity 7320K, committed 7680K, reserved 1056768K
  class space    used 627K, capacity 656K, committed 768K, reserved 1048576K
GC Heap History (10 events):
Event: 15.932 GC heap after
Heap after GC invocations=15 (full 2):
 PSYoungGen      total 253952K, used 60495K [0x00000000eab00000, 0x0000000100000000, 0x0000000100000000)
  eden space 163840K, 0% used [0x00000000eab00000,0x00000000eab00000,0x00000000f4b00000)
  from space 90112K, 67% used [0x00000000f4b00000,0x00000000f8613e90,0x00000000fa300000)
  to   space 93696K, 0% used [0x00000000fa480000,0x00000000fa480000,0x0000000100000000)
 ParOldGen       total 298496K, used 189260K [0x00000000c0000000, 0x00000000d2380000, 0x00000000eab00000)
  object space 298496K, 63% used [0x00000000c0000000,0x00000000cb8d3068,0x00000000d2380000)
 Metaspace       used 6649K, capacity 7320K, committed 7680K, reserved 1056768K
  class space    used 627K, capacity 656K, committed 768K, reserved 1048576K
}
Event: 16.629 GC heap before
{Heap before GC invocations=16 (full 2):
 PSYoungGen      total 253952K, used 224335K [0x00000000eab00000, 0x0000000100000000, 0x0000000100000000)
  eden space 163840K, 100% used [0x00000000eab00000,0x00000000f4b00000,0x00000000f4b00000)
  from space 90112K, 67% used [0x00000000f4b00000,0x00000000f8613e90,0x00000000fa300000)
  to   space 93696K, 0% used [0x00000000fa480000,0x00000000fa480000,0x0000000100000000)
 ParOldGen       total 298496K, used 189260K [0x00000000c0000000, 0x00000000d2380000, 0x00000000eab00000)
  object space 298496K, 63% used [0x00000000c0000000,0x00000000cb8d3068,0x00000000d2380000)
 Metaspace       used 6655K, capacity 7320K, committed 7680K, reserved 1056768K
  class space    used 627K, capacity 656K, committed 768K, reserved 1048576K
Event: 16.949 GC heap after
Heap after GC invocations=16 (full 2):
 PSYoungGen      total 233984K, used 82837K [0x00000000eab00000, 0x0000000100000000, 0x0000000100000000)
  eden space 140288K, 0% used [0x00000000eab00000,0x00000000eab00000,0x00000000f3400000)
  from space 93696K, 88% used [0x00000000fa480000,0x00000000ff5656e8,0x0000000100000000)
  to   space 104448K, 0% used [0x00000000f3400000,0x00000000f3400000,0x00000000f9a00000)
 ParOldGen       total 298496K, used 189260K [0x00000000c0000000, 0x00000000d2380000, 0x00000000eab00000)
  object space 298496K, 63% used [0x00000000c0000000,0x00000000cb8d3068,0x00000000d2380000)
 Metaspace       used 6655K, capacity 7320K, committed 7680K, reserved 1056768K
  class space    used 627K, capacity 656K, committed 768K, reserved 1048576K
}
Event: 17.607 GC heap before
{Heap before GC invocations=17 (full 2):
 PSYoungGen      total 233984K, used 223125K [0x00000000eab00000, 0x0000000100000000, 0x0000000100000000)
  eden space 140288K, 100% used [0x00000000eab00000,0x00000000f3400000,0x00000000f3400000)
  from space 93696K, 88% used [0x00000000fa480000,0x00000000ff5656e8,0x0000000100000000)
  to   space 104448K, 0% used [0x00000000f3400000,0x00000000f3400000,0x00000000f9a00000)
 ParOldGen       total 298496K, used 189260K [0x00000000c0000000, 0x00000000d2380000, 0x00000000eab00000)
  object space 298496K, 63% used [0x00000000c0000000,0x00000000cb8d3068,0x00000000d2380000)
 Metaspace       used 6656K, capacity 7320K, committed 7680K, reserved 1056768K
  class space    used 627K, capacity 656K, committed 768K, reserved 1048576K
Event: 17.923 GC heap after
Heap after GC invocations=17 (full 2):
 PSYoungGen      total 243200K, used 102677K [0x00000000eab00000, 0x0000000100000000, 0x0000000100000000)
  eden space 140288K, 0% used [0x00000000eab00000,0x00000000eab00000,0x00000000f3400000)
  from space 102912K, 99% used [0x00000000f3400000,0x00000000f9845510,0x00000000f9880000)
  to   space 105984K, 0% used [0x00000000f9880000,0x00000000f9880000,0x0000000100000000)
 ParOldGen       total 298496K, used 189260K [0x00000000c0000000, 0x00000000d2380000, 0x00000000eab00000)
  object space 298496K, 63% used [0x00000000c0000000,0x00000000cb8d3068,0x00000000d2380000)
 Metaspace       used 6656K, capacity 7320K, committed 7680K, reserved 1056768K
  class space    used 627K, capacity 656K, committed 768K, reserved 1048576K
}
Event: 18.425 GC heap before
{Heap before GC invocations=18 (full 2):
 PSYoungGen      total 243200K, used 242965K [0x00000000eab00000, 0x0000000100000000, 0x0000000100000000)
  eden space 140288K, 100% used [0x00000000eab00000,0x00000000f3400000,0x00000000f3400000)
  from space 102912K, 99% used [0x00000000f3400000,0x00000000f9845510,0x00000000f9880000)
  to   space 105984K, 0% used [0x00000000f9880000,0x00000000f9880000,0x0000000100000000)
 ParOldGen       total 298496K, used 189260K [0x00000000c0000000, 0x00000000d2380000, 0x00000000eab00000)
  object space 298496K, 63% used [0x00000000c0000000,0x00000000cb8d3068,0x00000000d2380000)
 Metaspace       used 6658K, capacity 7320K, committed 7680K, reserved 1056768K
  class space    used 627K, capacity 656K, committed 768K, reserved 1048576K
Event: 18.841 GC heap after
Heap after GC invocations=18 (full 2):
 PSYoungGen      total 222720K, used 86996K [0x00000000eab00000, 0x0000000100000000, 0x0000000100000000)
  eden space 116736K, 0% used [0x00000000eab00000,0x00000000eab00000,0x00000000f1d00000)
  from space 105984K, 82% used [0x00000000f9880000,0x00000000fed751e0,0x0000000100000000)
  to   space 116224K, 0% used [0x00000000f1d00000,0x00000000f1d00000,0x00000000f8e80000)
 ParOldGen       total 298496K, used 225478K [0x00000000c0000000, 0x00000000d2380000, 0x00000000eab00000)
  object space 298496K, 75% used [0x00000000c0000000,0x00000000cdc318c8,0x00000000d2380000)
 Metaspace       used 6658K, capacity 7320K, committed 7680K, reserved 1056768K
  class space    used 627K, capacity 656K, committed 768K, reserved 1048576K
}
Event: 19.381 GC heap before
{Heap before GC invocations=19 (full 2):
 PSYoungGen      total 222720K, used 203732K [0x00000000eab00000, 0x0000000100000000, 0x0000000100000000)
  eden space 116736K, 100% used [0x00000000eab00000,0x00000000f1d00000,0x00000000f1d00000)
  from space 105984K, 82% used [0x00000000f9880000,0x00000000fed751e0,0x0000000100000000)
  to   space 116224K, 0% used [0x00000000f1d00000,0x00000000f1d00000,0x00000000f8e80000)
 ParOldGen       total 298496K, used 225478K [0x00000000c0000000, 0x00000000d2380000, 0x00000000eab00000)
  object space 298496K, 75% used [0x00000000c0000000,0x00000000cdc318c8,0x00000000d2380000)
 Metaspace       used 6658K, capacity 7320K, committed 7680K, reserved 1056768K
  class space    used 627K, capacity 656K, committed 768K, reserved 1048576K
Event: 19.881 GC heap after
Heap after GC invocations=19 (full 2):
 PSYoungGen      total 232960K, used 58223K [0x00000000eab00000, 0x0000000100000000, 0x0000000100000000)
  eden space 116736K, 0% used [0x00000000eab00000,0x00000000eab00000,0x00000000f1d00000)
  from space 116224K, 50% used [0x00000000f1d00000,0x00000000f55dbdf8,0x00000000f8e80000)
  to   space 116224K, 0% used [0x00000000f8e80000,0x00000000f8e80000,0x0000000100000000)
 ParOldGen       total 298496K, used 271198K [0x00000000c0000000, 0x00000000d2380000, 0x00000000eab00000)
  object space 298496K, 90% used [0x00000000c0000000,0x00000000d08d7bb0,0x00000000d2380000)
 Metaspace       used 6658K, capacity 7320K, committed 7680K, reserved 1056768K
  class space    used 627K, capacity 656K, committed 768K, reserved 1048576K
}
Event: 19.881 GC heap before
{Heap before GC invocations=20 (full 3):
 PSYoungGen      total 232960K, used 58223K [0x00000000eab00000, 0x0000000100000000, 0x0000000100000000)
  eden space 116736K, 0% used [0x00000000eab00000,0x00000000eab00000,0x00000000f1d00000)
  from space 116224K, 50% used [0x00000000f1d00000,0x00000000f55dbdf8,0x00000000f8e80000)
  to   space 116224K, 0% used [0x00000000f8e80000,0x00000000f8e80000,0x0000000100000000)
 ParOldGen       total 298496K, used 271198K [0x00000000c0000000, 0x00000000d2380000, 0x00000000eab00000)
  object space 298496K, 90% used [0x00000000c0000000,0x00000000d08d7bb0,0x00000000d2380000)
 Metaspace       used 6658K, capacity 7320K, committed 7680K, reserved 1056768K
  class space    used 627K, capacity 656K, committed 768K, reserved 1048576K

